{"/Users/erwinwahyuramadhan/Documents/hacktiv8/happy-fox/final-project/fareat/server/models/absent.js":{"path":"/Users/erwinwahyuramadhan/Documents/hacktiv8/happy-fox/final-project/fareat/server/models/absent.js","s":{"1":1,"2":1,"3":1,"4":1,"5":1},"b":{},"f":{},"fnMap":{},"statementMap":{"1":{"start":{"line":1,"column":0},"end":{"line":1,"column":34}},"2":{"start":{"line":2,"column":0},"end":{"line":2,"column":29}},"3":{"start":{"line":4,"column":0},"end":{"line":24,"column":23}},"4":{"start":{"line":27,"column":0},"end":{"line":27,"column":51}},"5":{"start":{"line":29,"column":0},"end":{"line":29,"column":23}}},"branchMap":{}},"/Users/erwinwahyuramadhan/Documents/hacktiv8/happy-fox/final-project/fareat/server/app.js":{"path":"/Users/erwinwahyuramadhan/Documents/hacktiv8/happy-fox/final-project/fareat/server/app.js","s":{"1":1,"2":1,"3":1,"4":1,"5":1,"6":1,"7":1,"8":1,"9":1,"10":1,"11":1,"12":1,"13":1,"14":1,"15":1,"16":1,"17":1,"18":1,"19":1,"20":0,"21":1,"22":1,"23":1,"24":1,"25":0,"26":1,"27":0,"28":1,"29":1,"30":0,"31":1,"32":1,"33":1,"34":1,"35":1,"36":1,"37":1,"38":1,"39":1,"40":1,"41":1,"42":1,"43":1,"44":0,"45":0,"46":1},"b":{"1":[0,1],"2":[0,1],"3":[0,1],"4":[1,0],"5":[1,0]},"f":{"1":1,"2":1,"3":1},"fnMap":{"1":{"name":"(anonymous_1)","line":29,"loc":{"start":{"line":29,"column":76},"end":{"line":29,"column":95}}},"2":{"name":"(anonymous_2)","line":38,"loc":{"start":{"line":38,"column":2},"end":{"line":38,"column":37}}},"3":{"name":"(anonymous_3)","line":39,"loc":{"start":{"line":39,"column":41},"end":{"line":39,"column":62}}}},"statementMap":{"1":{"start":{"line":1,"column":0},"end":{"line":1,"column":32}},"2":{"start":{"line":2,"column":0},"end":{"line":2,"column":34}},"3":{"start":{"line":3,"column":0},"end":{"line":3,"column":30}},"4":{"start":{"line":4,"column":0},"end":{"line":4,"column":39}},"5":{"start":{"line":5,"column":0},"end":{"line":5,"column":26}},"6":{"start":{"line":6,"column":0},"end":{"line":6,"column":19}},"7":{"start":{"line":7,"column":0},"end":{"line":7,"column":39}},"8":{"start":{"line":8,"column":0},"end":{"line":8,"column":34}},"9":{"start":{"line":9,"column":0},"end":{"line":9,"column":45}},"10":{"start":{"line":10,"column":0},"end":{"line":10,"column":32}},"11":{"start":{"line":13,"column":0},"end":{"line":13,"column":41}},"12":{"start":{"line":14,"column":0},"end":{"line":14,"column":43}},"13":{"start":{"line":15,"column":0},"end":{"line":15,"column":37}},"14":{"start":{"line":16,"column":0},"end":{"line":16,"column":45}},"15":{"start":{"line":17,"column":0},"end":{"line":17,"column":49}},"16":{"start":{"line":18,"column":0},"end":{"line":18,"column":35}},"17":{"start":{"line":20,"column":0},"end":{"line":20,"column":34}},"18":{"start":{"line":29,"column":0},"end":{"line":35,"column":3}},"19":{"start":{"line":30,"column":2},"end":{"line":34,"column":3}},"20":{"start":{"line":31,"column":4},"end":{"line":31,"column":60}},"21":{"start":{"line":33,"column":4},"end":{"line":33,"column":79}},"22":{"start":{"line":37,"column":0},"end":{"line":46,"column":3}},"23":{"start":{"line":39,"column":4},"end":{"line":44,"column":7}},"24":{"start":{"line":40,"column":6},"end":{"line":40,"column":36}},"25":{"start":{"line":40,"column":17},"end":{"line":40,"column":34}},"26":{"start":{"line":41,"column":6},"end":{"line":41,"column":66}},"27":{"start":{"line":41,"column":19},"end":{"line":41,"column":64}},"28":{"start":{"line":42,"column":6},"end":{"line":42,"column":105}},"29":{"start":{"line":42,"column":58},"end":{"line":42,"column":103}},"30":{"start":{"line":43,"column":6},"end":{"line":43,"column":30}},"31":{"start":{"line":48,"column":0},"end":{"line":48,"column":15}},"32":{"start":{"line":49,"column":0},"end":{"line":49,"column":22}},"33":{"start":{"line":50,"column":0},"end":{"line":50,"column":49}},"34":{"start":{"line":51,"column":0},"end":{"line":51,"column":26}},"35":{"start":{"line":52,"column":0},"end":{"line":52,"column":25}},"36":{"start":{"line":54,"column":0},"end":{"line":54,"column":32}},"37":{"start":{"line":55,"column":0},"end":{"line":55,"column":34}},"38":{"start":{"line":56,"column":0},"end":{"line":56,"column":28}},"39":{"start":{"line":57,"column":0},"end":{"line":57,"column":36}},"40":{"start":{"line":58,"column":0},"end":{"line":58,"column":40}},"41":{"start":{"line":63,"column":0},"end":{"line":71,"column":1}},"42":{"start":{"line":65,"column":2},"end":{"line":65,"column":30}},"43":{"start":{"line":66,"column":2},"end":{"line":66,"column":57}},"44":{"start":{"line":69,"column":2},"end":{"line":69,"column":25}},"45":{"start":{"line":70,"column":2},"end":{"line":70,"column":52}},"46":{"start":{"line":76,"column":0},"end":{"line":76,"column":20}}},"branchMap":{"1":{"line":30,"type":"if","locations":[{"start":{"line":30,"column":2},"end":{"line":30,"column":2}},{"start":{"line":30,"column":2},"end":{"line":30,"column":2}}]},"2":{"line":40,"type":"if","locations":[{"start":{"line":40,"column":6},"end":{"line":40,"column":6}},{"start":{"line":40,"column":6},"end":{"line":40,"column":6}}]},"3":{"line":41,"type":"if","locations":[{"start":{"line":41,"column":6},"end":{"line":41,"column":6}},{"start":{"line":41,"column":6},"end":{"line":41,"column":6}}]},"4":{"line":42,"type":"if","locations":[{"start":{"line":42,"column":6},"end":{"line":42,"column":6}},{"start":{"line":42,"column":6},"end":{"line":42,"column":6}}]},"5":{"line":63,"type":"if","locations":[{"start":{"line":63,"column":0},"end":{"line":63,"column":0}},{"start":{"line":63,"column":0},"end":{"line":63,"column":0}}]}}},"/Users/erwinwahyuramadhan/Documents/hacktiv8/happy-fox/final-project/fareat/server/config/config.js":{"path":"/Users/erwinwahyuramadhan/Documents/hacktiv8/happy-fox/final-project/fareat/server/config/config.js","s":{"1":1,"2":1,"3":1,"4":1},"b":{"1":[1,1]},"f":{},"fnMap":{},"statementMap":{"1":{"start":{"line":1,"column":0},"end":{"line":1,"column":26}},"2":{"start":{"line":2,"column":0},"end":{"line":2,"column":34}},"3":{"start":{"line":3,"column":0},"end":{"line":10,"column":1}},"4":{"start":{"line":12,"column":0},"end":{"line":12,"column":23}}},"branchMap":{"1":{"line":4,"type":"binary-expr","locations":[{"start":{"line":4,"column":8},"end":{"line":4,"column":24}},{"start":{"line":4,"column":28},"end":{"line":4,"column":32}}]}}},"/Users/erwinwahyuramadhan/Documents/hacktiv8/happy-fox/final-project/fareat/server/routes/absents.js":{"path":"/Users/erwinwahyuramadhan/Documents/hacktiv8/happy-fox/final-project/fareat/server/routes/absents.js","s":{"1":1,"2":1,"3":1,"4":1,"5":1,"6":1,"7":1,"8":1,"9":1,"10":1,"11":1},"b":{},"f":{},"fnMap":{},"statementMap":{"1":{"start":{"line":1,"column":0},"end":{"line":1,"column":32}},"2":{"start":{"line":2,"column":0},"end":{"line":2,"column":29}},"3":{"start":{"line":3,"column":0},"end":{"line":3,"column":55}},"4":{"start":{"line":6,"column":0},"end":{"line":6,"column":35}},"5":{"start":{"line":7,"column":0},"end":{"line":7,"column":34}},"6":{"start":{"line":8,"column":0},"end":{"line":8,"column":45}},"7":{"start":{"line":10,"column":0},"end":{"line":10,"column":81}},"8":{"start":{"line":11,"column":0},"end":{"line":11,"column":45}},"9":{"start":{"line":12,"column":0},"end":{"line":12,"column":54}},"10":{"start":{"line":13,"column":0},"end":{"line":13,"column":40}},"11":{"start":{"line":15,"column":0},"end":{"line":15,"column":23}}},"branchMap":{}},"/Users/erwinwahyuramadhan/Documents/hacktiv8/happy-fox/final-project/fareat/server/controllers/absents-cont.js":{"path":"/Users/erwinwahyuramadhan/Documents/hacktiv8/happy-fox/final-project/fareat/server/controllers/absents-cont.js","s":{"1":1,"2":1,"3":1,"4":3,"5":3,"6":0,"7":3,"8":3,"9":3,"10":0,"11":0,"12":0,"13":0,"14":0,"15":0,"16":0,"17":0,"18":4,"19":4,"20":4,"21":0,"22":3,"23":3,"24":3,"25":0,"26":4,"27":4,"28":4,"29":4,"30":0,"31":0,"32":4,"33":4,"34":4,"35":4,"36":4,"37":4,"38":4,"39":4,"40":0,"41":0,"42":3,"43":3,"44":3,"45":0,"46":2,"47":2,"48":2,"49":0},"b":{"1":[0,3],"2":[3,0],"3":[0,0],"4":[0,0],"5":[4,0],"6":[3,0],"7":[4,4],"8":[4,4],"9":[4,4],"10":[4,4],"11":[4,4],"12":[4,4],"13":[4,4],"14":[4,0],"15":[4,0],"16":[4,4],"17":[4,4],"18":[4,4],"19":[4,4],"20":[4,4],"21":[4,4],"22":[4,4],"23":[4,0],"24":[3,0],"25":[2,0]},"f":{"1":4,"2":3,"3":2},"fnMap":{"1":{"name":"(anonymous_1)","line":50,"loc":{"start":{"line":50,"column":10},"end":{"line":50,"column":31}}},"2":{"name":"(anonymous_2)","line":157,"loc":{"start":{"line":157,"column":12},"end":{"line":157,"column":33}}},"3":{"name":"(anonymous_3)","line":166,"loc":{"start":{"line":166,"column":40},"end":{"line":166,"column":62}}}},"statementMap":{"1":{"start":{"line":1,"column":0},"end":{"line":1,"column":40}},"2":{"start":{"line":2,"column":0},"end":{"line":2,"column":28}},"3":{"start":{"line":4,"column":0},"end":{"line":174,"column":1}},"4":{"start":{"line":6,"column":4},"end":{"line":43,"column":6}},"5":{"start":{"line":11,"column":6},"end":{"line":42,"column":7}},"6":{"start":{"line":12,"column":8},"end":{"line":12,"column":25}},"7":{"start":{"line":13,"column":13},"end":{"line":42,"column":7}},"8":{"start":{"line":14,"column":8},"end":{"line":14,"column":44}},"9":{"start":{"line":15,"column":8},"end":{"line":15,"column":41}},"10":{"start":{"line":16,"column":13},"end":{"line":42,"column":7}},"11":{"start":{"line":17,"column":8},"end":{"line":17,"column":80}},"12":{"start":{"line":18,"column":8},"end":{"line":41,"column":10}},"13":{"start":{"line":20,"column":14},"end":{"line":29,"column":15}},"14":{"start":{"line":35,"column":10},"end":{"line":40,"column":11}},"15":{"start":{"line":36,"column":12},"end":{"line":36,"column":29}},"16":{"start":{"line":37,"column":12},"end":{"line":37,"column":37}},"17":{"start":{"line":39,"column":12},"end":{"line":39,"column":40}},"18":{"start":{"line":47,"column":4},"end":{"line":56,"column":6}},"19":{"start":{"line":51,"column":6},"end":{"line":55,"column":7}},"20":{"start":{"line":52,"column":8},"end":{"line":52,"column":36}},"21":{"start":{"line":54,"column":8},"end":{"line":54,"column":33}},"22":{"start":{"line":73,"column":4},"end":{"line":97,"column":6}},"23":{"start":{"line":77,"column":6},"end":{"line":96,"column":7}},"24":{"start":{"line":93,"column":8},"end":{"line":93,"column":36}},"25":{"start":{"line":95,"column":8},"end":{"line":95,"column":33}},"26":{"start":{"line":101,"column":4},"end":{"line":110,"column":9}},"27":{"start":{"line":111,"column":4},"end":{"line":118,"column":8}},"28":{"start":{"line":112,"column":8},"end":{"line":117,"column":9}},"29":{"start":{"line":113,"column":10},"end":{"line":113,"column":40}},"30":{"start":{"line":115,"column":10},"end":{"line":115,"column":36}},"31":{"start":{"line":116,"column":10},"end":{"line":116,"column":28}},"32":{"start":{"line":122,"column":4},"end":{"line":149,"column":6}},"33":{"start":{"line":123,"column":6},"end":{"line":148,"column":7}},"34":{"start":{"line":124,"column":8},"end":{"line":124,"column":102}},"35":{"start":{"line":124,"column":56},"end":{"line":124,"column":100}},"36":{"start":{"line":125,"column":8},"end":{"line":134,"column":11}},"37":{"start":{"line":135,"column":8},"end":{"line":145,"column":10}},"38":{"start":{"line":140,"column":10},"end":{"line":144,"column":11}},"39":{"start":{"line":141,"column":12},"end":{"line":141,"column":38}},"40":{"start":{"line":143,"column":12},"end":{"line":143,"column":37}},"41":{"start":{"line":147,"column":8},"end":{"line":147,"column":33}},"42":{"start":{"line":153,"column":6},"end":{"line":163,"column":8}},"43":{"start":{"line":158,"column":8},"end":{"line":162,"column":9}},"44":{"start":{"line":159,"column":10},"end":{"line":159,"column":38}},"45":{"start":{"line":161,"column":10},"end":{"line":161,"column":35}},"46":{"start":{"line":166,"column":4},"end":{"line":172,"column":7}},"47":{"start":{"line":167,"column":6},"end":{"line":171,"column":7}},"48":{"start":{"line":168,"column":8},"end":{"line":168,"column":48}},"49":{"start":{"line":170,"column":8},"end":{"line":170,"column":33}}},"branchMap":{"1":{"line":11,"type":"if","locations":[{"start":{"line":11,"column":6},"end":{"line":11,"column":6}},{"start":{"line":11,"column":6},"end":{"line":11,"column":6}}]},"2":{"line":13,"type":"if","locations":[{"start":{"line":13,"column":13},"end":{"line":13,"column":13}},{"start":{"line":13,"column":13},"end":{"line":13,"column":13}}]},"3":{"line":16,"type":"if","locations":[{"start":{"line":16,"column":13},"end":{"line":16,"column":13}},{"start":{"line":16,"column":13},"end":{"line":16,"column":13}}]},"4":{"line":35,"type":"if","locations":[{"start":{"line":35,"column":10},"end":{"line":35,"column":10}},{"start":{"line":35,"column":10},"end":{"line":35,"column":10}}]},"5":{"line":51,"type":"if","locations":[{"start":{"line":51,"column":6},"end":{"line":51,"column":6}},{"start":{"line":51,"column":6},"end":{"line":51,"column":6}}]},"6":{"line":77,"type":"if","locations":[{"start":{"line":77,"column":6},"end":{"line":77,"column":6}},{"start":{"line":77,"column":6},"end":{"line":77,"column":6}}]},"7":{"line":103,"type":"binary-expr","locations":[{"start":{"line":103,"column":23},"end":{"line":103,"column":43}},{"start":{"line":103,"column":47},"end":{"line":103,"column":49}}]},"8":{"line":104,"type":"binary-expr","locations":[{"start":{"line":104,"column":23},"end":{"line":104,"column":43}},{"start":{"line":104,"column":47},"end":{"line":104,"column":49}}]},"9":{"line":105,"type":"binary-expr","locations":[{"start":{"line":105,"column":23},"end":{"line":105,"column":43}},{"start":{"line":105,"column":47},"end":{"line":105,"column":49}}]},"10":{"line":106,"type":"binary-expr","locations":[{"start":{"line":106,"column":23},"end":{"line":106,"column":43}},{"start":{"line":106,"column":47},"end":{"line":106,"column":49}}]},"11":{"line":107,"type":"binary-expr","locations":[{"start":{"line":107,"column":23},"end":{"line":107,"column":43}},{"start":{"line":107,"column":47},"end":{"line":107,"column":49}}]},"12":{"line":108,"type":"binary-expr","locations":[{"start":{"line":108,"column":23},"end":{"line":108,"column":43}},{"start":{"line":108,"column":47},"end":{"line":108,"column":49}}]},"13":{"line":109,"type":"binary-expr","locations":[{"start":{"line":109,"column":23},"end":{"line":109,"column":43}},{"start":{"line":109,"column":47},"end":{"line":109,"column":49}}]},"14":{"line":112,"type":"if","locations":[{"start":{"line":112,"column":8},"end":{"line":112,"column":8}},{"start":{"line":112,"column":8},"end":{"line":112,"column":8}}]},"15":{"line":123,"type":"if","locations":[{"start":{"line":123,"column":6},"end":{"line":123,"column":6}},{"start":{"line":123,"column":6},"end":{"line":123,"column":6}}]},"16":{"line":127,"type":"binary-expr","locations":[{"start":{"line":127,"column":25},"end":{"line":127,"column":45}},{"start":{"line":127,"column":49},"end":{"line":127,"column":69}}]},"17":{"line":128,"type":"binary-expr","locations":[{"start":{"line":128,"column":25},"end":{"line":128,"column":45}},{"start":{"line":128,"column":49},"end":{"line":128,"column":69}}]},"18":{"line":129,"type":"binary-expr","locations":[{"start":{"line":129,"column":25},"end":{"line":129,"column":45}},{"start":{"line":129,"column":49},"end":{"line":129,"column":69}}]},"19":{"line":130,"type":"binary-expr","locations":[{"start":{"line":130,"column":25},"end":{"line":130,"column":45}},{"start":{"line":130,"column":49},"end":{"line":130,"column":69}}]},"20":{"line":131,"type":"binary-expr","locations":[{"start":{"line":131,"column":25},"end":{"line":131,"column":45}},{"start":{"line":131,"column":49},"end":{"line":131,"column":69}}]},"21":{"line":132,"type":"binary-expr","locations":[{"start":{"line":132,"column":25},"end":{"line":132,"column":45}},{"start":{"line":132,"column":49},"end":{"line":132,"column":69}}]},"22":{"line":133,"type":"binary-expr","locations":[{"start":{"line":133,"column":25},"end":{"line":133,"column":45}},{"start":{"line":133,"column":49},"end":{"line":133,"column":69}}]},"23":{"line":140,"type":"if","locations":[{"start":{"line":140,"column":10},"end":{"line":140,"column":10}},{"start":{"line":140,"column":10},"end":{"line":140,"column":10}}]},"24":{"line":158,"type":"if","locations":[{"start":{"line":158,"column":8},"end":{"line":158,"column":8}},{"start":{"line":158,"column":8},"end":{"line":158,"column":8}}]},"25":{"line":167,"type":"if","locations":[{"start":{"line":167,"column":6},"end":{"line":167,"column":6}},{"start":{"line":167,"column":6},"end":{"line":167,"column":6}}]}}},"/Users/erwinwahyuramadhan/Documents/hacktiv8/happy-fox/final-project/fareat/server/routes/students.js":{"path":"/Users/erwinwahyuramadhan/Documents/hacktiv8/happy-fox/final-project/fareat/server/routes/students.js","s":{"1":1,"2":1,"3":1,"4":1,"5":1,"6":1,"7":1,"8":1,"9":1,"10":1,"11":1,"12":1},"b":{},"f":{},"fnMap":{},"statementMap":{"1":{"start":{"line":1,"column":0},"end":{"line":1,"column":32}},"2":{"start":{"line":2,"column":0},"end":{"line":2,"column":29}},"3":{"start":{"line":3,"column":0},"end":{"line":3,"column":57}},"4":{"start":{"line":6,"column":0},"end":{"line":6,"column":36}},"5":{"start":{"line":7,"column":0},"end":{"line":7,"column":35}},"6":{"start":{"line":8,"column":0},"end":{"line":8,"column":38}},"7":{"start":{"line":9,"column":0},"end":{"line":9,"column":46}},"8":{"start":{"line":10,"column":0},"end":{"line":10,"column":54}},"9":{"start":{"line":11,"column":0},"end":{"line":11,"column":38}},"10":{"start":{"line":12,"column":0},"end":{"line":12,"column":41}},"11":{"start":{"line":13,"column":0},"end":{"line":13,"column":59}},"12":{"start":{"line":16,"column":0},"end":{"line":16,"column":23}}},"branchMap":{}},"/Users/erwinwahyuramadhan/Documents/hacktiv8/happy-fox/final-project/fareat/server/controllers/students-cont.js":{"path":"/Users/erwinwahyuramadhan/Documents/hacktiv8/happy-fox/final-project/fareat/server/controllers/students-cont.js","s":{"1":1,"2":1,"3":4,"4":4,"5":4,"6":4,"7":0,"8":4,"9":4,"10":4,"11":0,"12":3,"13":3,"14":3,"15":0,"16":0,"17":0,"18":0,"19":0,"20":3,"21":3,"22":3,"23":0,"24":3,"25":3,"26":3,"27":0,"28":4,"29":4,"30":4,"31":4,"32":4,"33":4,"34":0,"35":0,"36":4,"37":4,"38":4,"39":0},"b":{"1":[4,0],"2":[4,0],"3":[3,0],"4":[0,0],"5":[3,0],"6":[3,0],"7":[4,0],"8":[4,0],"9":[4,0],"10":[4,0],"11":[4,0]},"f":{"1":3,"2":4},"fnMap":{"1":{"name":"(anonymous_1)","line":30,"loc":{"start":{"line":30,"column":42},"end":{"line":30,"column":63}}},"2":{"name":"(anonymous_2)","line":86,"loc":{"start":{"line":86,"column":41},"end":{"line":86,"column":63}}}},"statementMap":{"1":{"start":{"line":1,"column":0},"end":{"line":1,"column":42}},"2":{"start":{"line":3,"column":0},"end":{"line":94,"column":1}},"3":{"start":{"line":5,"column":4},"end":{"line":10,"column":6}},"4":{"start":{"line":12,"column":4},"end":{"line":18,"column":6}},"5":{"start":{"line":13,"column":6},"end":{"line":17,"column":7}},"6":{"start":{"line":14,"column":8},"end":{"line":14,"column":37}},"7":{"start":{"line":16,"column":8},"end":{"line":16,"column":33}},"8":{"start":{"line":21,"column":4},"end":{"line":27,"column":6}},"9":{"start":{"line":22,"column":6},"end":{"line":26,"column":7}},"10":{"start":{"line":23,"column":8},"end":{"line":23,"column":36}},"11":{"start":{"line":25,"column":8},"end":{"line":25,"column":33}},"12":{"start":{"line":30,"column":4},"end":{"line":36,"column":6}},"13":{"start":{"line":31,"column":6},"end":{"line":35,"column":7}},"14":{"start":{"line":32,"column":8},"end":{"line":32,"column":36}},"15":{"start":{"line":34,"column":8},"end":{"line":34,"column":33}},"16":{"start":{"line":39,"column":4},"end":{"line":45,"column":6}},"17":{"start":{"line":40,"column":6},"end":{"line":44,"column":7}},"18":{"start":{"line":41,"column":8},"end":{"line":41,"column":36}},"19":{"start":{"line":43,"column":8},"end":{"line":43,"column":33}},"20":{"start":{"line":48,"column":4},"end":{"line":54,"column":6}},"21":{"start":{"line":49,"column":6},"end":{"line":53,"column":7}},"22":{"start":{"line":50,"column":8},"end":{"line":50,"column":36}},"23":{"start":{"line":52,"column":8},"end":{"line":52,"column":33}},"24":{"start":{"line":57,"column":4},"end":{"line":63,"column":6}},"25":{"start":{"line":58,"column":6},"end":{"line":62,"column":7}},"26":{"start":{"line":59,"column":8},"end":{"line":59,"column":36}},"27":{"start":{"line":61,"column":8},"end":{"line":61,"column":33}},"28":{"start":{"line":66,"column":4},"end":{"line":82,"column":6}},"29":{"start":{"line":67,"column":6},"end":{"line":81,"column":7}},"30":{"start":{"line":68,"column":8},"end":{"line":71,"column":9}},"31":{"start":{"line":72,"column":8},"end":{"line":78,"column":10}},"32":{"start":{"line":73,"column":10},"end":{"line":77,"column":11}},"33":{"start":{"line":74,"column":12},"end":{"line":74,"column":38}},"34":{"start":{"line":76,"column":12},"end":{"line":76,"column":37}},"35":{"start":{"line":80,"column":8},"end":{"line":80,"column":49}},"36":{"start":{"line":86,"column":4},"end":{"line":92,"column":7}},"37":{"start":{"line":87,"column":6},"end":{"line":91,"column":7}},"38":{"start":{"line":88,"column":8},"end":{"line":88,"column":48}},"39":{"start":{"line":90,"column":8},"end":{"line":90,"column":33}}},"branchMap":{"1":{"line":13,"type":"if","locations":[{"start":{"line":13,"column":6},"end":{"line":13,"column":6}},{"start":{"line":13,"column":6},"end":{"line":13,"column":6}}]},"2":{"line":22,"type":"if","locations":[{"start":{"line":22,"column":6},"end":{"line":22,"column":6}},{"start":{"line":22,"column":6},"end":{"line":22,"column":6}}]},"3":{"line":31,"type":"if","locations":[{"start":{"line":31,"column":6},"end":{"line":31,"column":6}},{"start":{"line":31,"column":6},"end":{"line":31,"column":6}}]},"4":{"line":40,"type":"if","locations":[{"start":{"line":40,"column":6},"end":{"line":40,"column":6}},{"start":{"line":40,"column":6},"end":{"line":40,"column":6}}]},"5":{"line":49,"type":"if","locations":[{"start":{"line":49,"column":6},"end":{"line":49,"column":6}},{"start":{"line":49,"column":6},"end":{"line":49,"column":6}}]},"6":{"line":58,"type":"if","locations":[{"start":{"line":58,"column":6},"end":{"line":58,"column":6}},{"start":{"line":58,"column":6},"end":{"line":58,"column":6}}]},"7":{"line":67,"type":"if","locations":[{"start":{"line":67,"column":6},"end":{"line":67,"column":6}},{"start":{"line":67,"column":6},"end":{"line":67,"column":6}}]},"8":{"line":69,"type":"binary-expr","locations":[{"start":{"line":69,"column":16},"end":{"line":69,"column":29}},{"start":{"line":69,"column":33},"end":{"line":69,"column":44}}]},"9":{"line":70,"type":"binary-expr","locations":[{"start":{"line":70,"column":17},"end":{"line":70,"column":31}},{"start":{"line":70,"column":35},"end":{"line":70,"column":47}}]},"10":{"line":73,"type":"if","locations":[{"start":{"line":73,"column":10},"end":{"line":73,"column":10}},{"start":{"line":73,"column":10},"end":{"line":73,"column":10}}]},"11":{"line":87,"type":"if","locations":[{"start":{"line":87,"column":6},"end":{"line":87,"column":6}},{"start":{"line":87,"column":6},"end":{"line":87,"column":6}}]}}},"/Users/erwinwahyuramadhan/Documents/hacktiv8/happy-fox/final-project/fareat/server/models/student.js":{"path":"/Users/erwinwahyuramadhan/Documents/hacktiv8/happy-fox/final-project/fareat/server/models/student.js","s":{"1":1,"2":1,"3":1,"4":1,"5":1},"b":{},"f":{},"fnMap":{},"statementMap":{"1":{"start":{"line":1,"column":0},"end":{"line":1,"column":34}},"2":{"start":{"line":2,"column":0},"end":{"line":2,"column":29}},"3":{"start":{"line":4,"column":0},"end":{"line":17,"column":2}},"4":{"start":{"line":20,"column":0},"end":{"line":20,"column":54}},"5":{"start":{"line":22,"column":0},"end":{"line":22,"column":24}}},"branchMap":{}},"/Users/erwinwahyuramadhan/Documents/hacktiv8/happy-fox/final-project/fareat/server/routes/users.js":{"path":"/Users/erwinwahyuramadhan/Documents/hacktiv8/happy-fox/final-project/fareat/server/routes/users.js","s":{"1":1,"2":1,"3":1,"4":1,"5":1,"6":1,"7":1,"8":1,"9":1,"10":1,"11":1},"b":{},"f":{},"fnMap":{},"statementMap":{"1":{"start":{"line":1,"column":0},"end":{"line":1,"column":32}},"2":{"start":{"line":2,"column":0},"end":{"line":2,"column":29}},"3":{"start":{"line":3,"column":0},"end":{"line":3,"column":51}},"4":{"start":{"line":4,"column":0},"end":{"line":4,"column":34}},"5":{"start":{"line":7,"column":0},"end":{"line":7,"column":39}},"6":{"start":{"line":8,"column":0},"end":{"line":8,"column":91}},"7":{"start":{"line":9,"column":0},"end":{"line":9,"column":32}},"8":{"start":{"line":10,"column":0},"end":{"line":10,"column":35}},"9":{"start":{"line":11,"column":0},"end":{"line":11,"column":35}},"10":{"start":{"line":12,"column":0},"end":{"line":12,"column":38}},"11":{"start":{"line":16,"column":0},"end":{"line":16,"column":23}}},"branchMap":{}},"/Users/erwinwahyuramadhan/Documents/hacktiv8/happy-fox/final-project/fareat/server/controllers/users-cont.js":{"path":"/Users/erwinwahyuramadhan/Documents/hacktiv8/happy-fox/final-project/fareat/server/controllers/users-cont.js","s":{"1":1,"2":1,"3":1,"4":1,"5":1,"6":1,"7":4,"8":4,"9":4,"10":4,"11":0,"12":1,"13":1,"14":1,"15":0,"16":0,"17":0,"18":0,"19":4,"20":4,"21":4,"22":0,"23":3,"24":3,"25":3,"26":0,"27":4,"28":4,"29":4,"30":4,"31":4,"32":4,"33":4,"34":4,"35":0},"b":{"1":[4,0],"2":[1,0],"3":[0,0],"4":[4,0],"5":[3,0],"6":[4,4],"7":[4,0],"8":[0,4],"9":[4,0]},"f":{"1":0,"2":3,"3":4,"4":4,"5":4},"fnMap":{"1":{"name":"(anonymous_1)","line":34,"loc":{"start":{"line":34,"column":35},"end":{"line":34,"column":57}}},"2":{"name":"(anonymous_2)","line":56,"loc":{"start":{"line":56,"column":39},"end":{"line":56,"column":60}}},"3":{"name":"(anonymous_3)","line":66,"loc":{"start":{"line":66,"column":28},"end":{"line":66,"column":50}}},"4":{"name":"(anonymous_4)","line":68,"loc":{"start":{"line":68,"column":132},"end":{"line":68,"column":152}}},"5":{"name":"(anonymous_5)","line":75,"loc":{"start":{"line":75,"column":38},"end":{"line":75,"column":60}}}},"statementMap":{"1":{"start":{"line":1,"column":0},"end":{"line":1,"column":36}},"2":{"start":{"line":2,"column":0},"end":{"line":2,"column":32}},"3":{"start":{"line":3,"column":0},"end":{"line":3,"column":33}},"4":{"start":{"line":4,"column":0},"end":{"line":4,"column":18}},"5":{"start":{"line":5,"column":0},"end":{"line":5,"column":40}},"6":{"start":{"line":7,"column":0},"end":{"line":83,"column":1}},"7":{"start":{"line":9,"column":4},"end":{"line":14,"column":6}},"8":{"start":{"line":16,"column":4},"end":{"line":22,"column":6}},"9":{"start":{"line":17,"column":6},"end":{"line":21,"column":7}},"10":{"start":{"line":18,"column":8},"end":{"line":18,"column":34}},"11":{"start":{"line":20,"column":8},"end":{"line":20,"column":33}},"12":{"start":{"line":25,"column":4},"end":{"line":25,"column":23}},"13":{"start":{"line":26,"column":4},"end":{"line":44,"column":5}},"14":{"start":{"line":27,"column":6},"end":{"line":27,"column":24}},"15":{"start":{"line":29,"column":6},"end":{"line":33,"column":38}},"16":{"start":{"line":34,"column":6},"end":{"line":43,"column":8}},"17":{"start":{"line":35,"column":8},"end":{"line":42,"column":9}},"18":{"start":{"line":36,"column":10},"end":{"line":41,"column":12}},"19":{"start":{"line":47,"column":4},"end":{"line":53,"column":6}},"20":{"start":{"line":48,"column":6},"end":{"line":52,"column":7}},"21":{"start":{"line":49,"column":8},"end":{"line":49,"column":36}},"22":{"start":{"line":51,"column":8},"end":{"line":51,"column":33}},"23":{"start":{"line":56,"column":4},"end":{"line":62,"column":6}},"24":{"start":{"line":57,"column":6},"end":{"line":61,"column":7}},"25":{"start":{"line":58,"column":8},"end":{"line":58,"column":36}},"26":{"start":{"line":60,"column":8},"end":{"line":60,"column":33}},"27":{"start":{"line":65,"column":4},"end":{"line":65,"column":26}},"28":{"start":{"line":66,"column":4},"end":{"line":71,"column":6}},"29":{"start":{"line":67,"column":6},"end":{"line":67,"column":58}},"30":{"start":{"line":68,"column":6},"end":{"line":70,"column":8}},"31":{"start":{"line":69,"column":8},"end":{"line":69,"column":67}},"32":{"start":{"line":75,"column":4},"end":{"line":81,"column":7}},"33":{"start":{"line":76,"column":6},"end":{"line":80,"column":7}},"34":{"start":{"line":77,"column":8},"end":{"line":77,"column":48}},"35":{"start":{"line":79,"column":8},"end":{"line":79,"column":33}}},"branchMap":{"1":{"line":17,"type":"if","locations":[{"start":{"line":17,"column":6},"end":{"line":17,"column":6}},{"start":{"line":17,"column":6},"end":{"line":17,"column":6}}]},"2":{"line":26,"type":"if","locations":[{"start":{"line":26,"column":4},"end":{"line":26,"column":4}},{"start":{"line":26,"column":4},"end":{"line":26,"column":4}}]},"3":{"line":35,"type":"if","locations":[{"start":{"line":35,"column":8},"end":{"line":35,"column":8}},{"start":{"line":35,"column":8},"end":{"line":35,"column":8}}]},"4":{"line":48,"type":"if","locations":[{"start":{"line":48,"column":6},"end":{"line":48,"column":6}},{"start":{"line":48,"column":6},"end":{"line":48,"column":6}}]},"5":{"line":57,"type":"if","locations":[{"start":{"line":57,"column":6},"end":{"line":57,"column":6}},{"start":{"line":57,"column":6},"end":{"line":57,"column":6}}]},"6":{"line":68,"type":"binary-expr","locations":[{"start":{"line":68,"column":57},"end":{"line":68,"column":74}},{"start":{"line":68,"column":78},"end":{"line":68,"column":93}}]},"7":{"line":68,"type":"binary-expr","locations":[{"start":{"line":68,"column":105},"end":{"line":68,"column":109}},{"start":{"line":68,"column":113},"end":{"line":68,"column":128}}]},"8":{"line":69,"type":"cond-expr","locations":[{"start":{"line":69,"column":14},"end":{"line":69,"column":39}},{"start":{"line":69,"column":41},"end":{"line":69,"column":67}}]},"9":{"line":76,"type":"if","locations":[{"start":{"line":76,"column":6},"end":{"line":76,"column":6}},{"start":{"line":76,"column":6},"end":{"line":76,"column":6}}]}}},"/Users/erwinwahyuramadhan/Documents/hacktiv8/happy-fox/final-project/fareat/server/models/user.js":{"path":"/Users/erwinwahyuramadhan/Documents/hacktiv8/happy-fox/final-project/fareat/server/models/user.js","s":{"1":1,"2":1,"3":1,"4":1,"5":1},"b":{},"f":{},"fnMap":{},"statementMap":{"1":{"start":{"line":1,"column":0},"end":{"line":1,"column":34}},"2":{"start":{"line":2,"column":0},"end":{"line":2,"column":29}},"3":{"start":{"line":4,"column":0},"end":{"line":17,"column":23}},"4":{"start":{"line":20,"column":0},"end":{"line":20,"column":44}},"5":{"start":{"line":22,"column":0},"end":{"line":22,"column":21}}},"branchMap":{}},"/Users/erwinwahyuramadhan/Documents/hacktiv8/happy-fox/final-project/fareat/server/routes/classList.js":{"path":"/Users/erwinwahyuramadhan/Documents/hacktiv8/happy-fox/final-project/fareat/server/routes/classList.js","s":{"1":1,"2":1,"3":1,"4":1,"5":1,"6":1,"7":1,"8":1,"9":1,"10":1},"b":{},"f":{},"fnMap":{},"statementMap":{"1":{"start":{"line":1,"column":0},"end":{"line":1,"column":32}},"2":{"start":{"line":2,"column":0},"end":{"line":2,"column":29}},"3":{"start":{"line":3,"column":0},"end":{"line":3,"column":60}},"4":{"start":{"line":6,"column":0},"end":{"line":6,"column":38}},"5":{"start":{"line":7,"column":0},"end":{"line":7,"column":37}},"6":{"start":{"line":8,"column":0},"end":{"line":8,"column":48}},"7":{"start":{"line":9,"column":0},"end":{"line":9,"column":40}},"8":{"start":{"line":10,"column":0},"end":{"line":10,"column":40}},"9":{"start":{"line":11,"column":0},"end":{"line":11,"column":43}},"10":{"start":{"line":14,"column":0},"end":{"line":14,"column":23}}},"branchMap":{}},"/Users/erwinwahyuramadhan/Documents/hacktiv8/happy-fox/final-project/fareat/server/controllers/classList-cont.js":{"path":"/Users/erwinwahyuramadhan/Documents/hacktiv8/happy-fox/final-project/fareat/server/controllers/classList-cont.js","s":{"1":1,"2":1,"3":3,"4":3,"5":3,"6":3,"7":3,"8":0,"9":0,"10":0,"11":0,"12":0,"13":0,"14":0,"15":4,"16":4,"17":4,"18":0,"19":3,"20":3,"21":3,"22":0,"23":3,"24":3,"25":3,"26":0,"27":4,"28":4,"29":4,"30":4,"31":4,"32":4,"33":0,"34":0,"35":2,"36":2,"37":2,"38":0},"b":{"1":[3,0],"2":[3,0],"3":[0,0],"4":[4,0],"5":[3,0],"6":[3,0],"7":[4,0],"8":[4,4],"9":[4,4],"10":[4,0],"11":[2,0]},"f":{"1":3,"2":2},"fnMap":{"1":{"name":"(anonymous_1)","line":41,"loc":{"start":{"line":41,"column":44},"end":{"line":41,"column":65}}},"2":{"name":"(anonymous_2)","line":79,"loc":{"start":{"line":79,"column":43},"end":{"line":79,"column":65}}}},"statementMap":{"1":{"start":{"line":1,"column":0},"end":{"line":1,"column":46}},"2":{"start":{"line":3,"column":0},"end":{"line":87,"column":1}},"3":{"start":{"line":5,"column":4},"end":{"line":8,"column":6}},"4":{"start":{"line":10,"column":4},"end":{"line":28,"column":6}},"5":{"start":{"line":11,"column":6},"end":{"line":27,"column":7}},"6":{"start":{"line":12,"column":8},"end":{"line":23,"column":9}},"7":{"start":{"line":13,"column":10},"end":{"line":13,"column":43}},"8":{"start":{"line":15,"column":10},"end":{"line":22,"column":12}},"9":{"start":{"line":16,"column":12},"end":{"line":21,"column":13}},"10":{"start":{"line":17,"column":14},"end":{"line":17,"column":43}},"11":{"start":{"line":19,"column":14},"end":{"line":19,"column":31}},"12":{"start":{"line":20,"column":14},"end":{"line":20,"column":39}},"13":{"start":{"line":25,"column":8},"end":{"line":25,"column":28}},"14":{"start":{"line":26,"column":8},"end":{"line":26,"column":33}},"15":{"start":{"line":32,"column":4},"end":{"line":38,"column":6}},"16":{"start":{"line":33,"column":6},"end":{"line":37,"column":7}},"17":{"start":{"line":34,"column":8},"end":{"line":34,"column":36}},"18":{"start":{"line":36,"column":8},"end":{"line":36,"column":33}},"19":{"start":{"line":41,"column":4},"end":{"line":47,"column":6}},"20":{"start":{"line":42,"column":6},"end":{"line":46,"column":7}},"21":{"start":{"line":43,"column":8},"end":{"line":43,"column":36}},"22":{"start":{"line":45,"column":8},"end":{"line":45,"column":33}},"23":{"start":{"line":50,"column":4},"end":{"line":56,"column":6}},"24":{"start":{"line":51,"column":6},"end":{"line":55,"column":7}},"25":{"start":{"line":52,"column":8},"end":{"line":52,"column":36}},"26":{"start":{"line":54,"column":8},"end":{"line":54,"column":33}},"27":{"start":{"line":59,"column":4},"end":{"line":75,"column":6}},"28":{"start":{"line":60,"column":6},"end":{"line":74,"column":7}},"29":{"start":{"line":61,"column":8},"end":{"line":64,"column":9}},"30":{"start":{"line":65,"column":8},"end":{"line":71,"column":10}},"31":{"start":{"line":66,"column":10},"end":{"line":70,"column":11}},"32":{"start":{"line":67,"column":12},"end":{"line":67,"column":38}},"33":{"start":{"line":69,"column":12},"end":{"line":69,"column":37}},"34":{"start":{"line":73,"column":8},"end":{"line":73,"column":49}},"35":{"start":{"line":79,"column":4},"end":{"line":85,"column":7}},"36":{"start":{"line":80,"column":6},"end":{"line":84,"column":7}},"37":{"start":{"line":81,"column":8},"end":{"line":81,"column":48}},"38":{"start":{"line":83,"column":8},"end":{"line":83,"column":33}}},"branchMap":{"1":{"line":11,"type":"if","locations":[{"start":{"line":11,"column":6},"end":{"line":11,"column":6}},{"start":{"line":11,"column":6},"end":{"line":11,"column":6}}]},"2":{"line":12,"type":"if","locations":[{"start":{"line":12,"column":8},"end":{"line":12,"column":8}},{"start":{"line":12,"column":8},"end":{"line":12,"column":8}}]},"3":{"line":16,"type":"if","locations":[{"start":{"line":16,"column":12},"end":{"line":16,"column":12}},{"start":{"line":16,"column":12},"end":{"line":16,"column":12}}]},"4":{"line":33,"type":"if","locations":[{"start":{"line":33,"column":6},"end":{"line":33,"column":6}},{"start":{"line":33,"column":6},"end":{"line":33,"column":6}}]},"5":{"line":42,"type":"if","locations":[{"start":{"line":42,"column":6},"end":{"line":42,"column":6}},{"start":{"line":42,"column":6},"end":{"line":42,"column":6}}]},"6":{"line":51,"type":"if","locations":[{"start":{"line":51,"column":6},"end":{"line":51,"column":6}},{"start":{"line":51,"column":6},"end":{"line":51,"column":6}}]},"7":{"line":60,"type":"if","locations":[{"start":{"line":60,"column":6},"end":{"line":60,"column":6}},{"start":{"line":60,"column":6},"end":{"line":60,"column":6}}]},"8":{"line":62,"type":"binary-expr","locations":[{"start":{"line":62,"column":16},"end":{"line":62,"column":29}},{"start":{"line":62,"column":33},"end":{"line":62,"column":44}}]},"9":{"line":63,"type":"binary-expr","locations":[{"start":{"line":63,"column":17},"end":{"line":63,"column":31}},{"start":{"line":63,"column":35},"end":{"line":63,"column":47}}]},"10":{"line":66,"type":"if","locations":[{"start":{"line":66,"column":10},"end":{"line":66,"column":10}},{"start":{"line":66,"column":10},"end":{"line":66,"column":10}}]},"11":{"line":80,"type":"if","locations":[{"start":{"line":80,"column":6},"end":{"line":80,"column":6}},{"start":{"line":80,"column":6},"end":{"line":80,"column":6}}]}}},"/Users/erwinwahyuramadhan/Documents/hacktiv8/happy-fox/final-project/fareat/server/models/classList.js":{"path":"/Users/erwinwahyuramadhan/Documents/hacktiv8/happy-fox/final-project/fareat/server/models/classList.js","s":{"1":1,"2":1,"3":1,"4":1,"5":1},"b":{},"f":{},"fnMap":{},"statementMap":{"1":{"start":{"line":1,"column":0},"end":{"line":1,"column":34}},"2":{"start":{"line":2,"column":0},"end":{"line":2,"column":29}},"3":{"start":{"line":4,"column":0},"end":{"line":12,"column":2}},"4":{"start":{"line":15,"column":0},"end":{"line":15,"column":60}},"5":{"start":{"line":17,"column":0},"end":{"line":17,"column":26}}},"branchMap":{}},"/Users/erwinwahyuramadhan/Documents/hacktiv8/happy-fox/final-project/fareat/server/routes/subjectList.js":{"path":"/Users/erwinwahyuramadhan/Documents/hacktiv8/happy-fox/final-project/fareat/server/routes/subjectList.js","s":{"1":1,"2":1,"3":1,"4":1,"5":1,"6":1,"7":1,"8":1,"9":1,"10":1},"b":{},"f":{},"fnMap":{},"statementMap":{"1":{"start":{"line":1,"column":0},"end":{"line":1,"column":32}},"2":{"start":{"line":2,"column":0},"end":{"line":2,"column":29}},"3":{"start":{"line":3,"column":0},"end":{"line":3,"column":64}},"4":{"start":{"line":6,"column":0},"end":{"line":6,"column":40}},"5":{"start":{"line":7,"column":0},"end":{"line":7,"column":39}},"6":{"start":{"line":8,"column":0},"end":{"line":8,"column":50}},"7":{"start":{"line":9,"column":0},"end":{"line":9,"column":42}},"8":{"start":{"line":10,"column":0},"end":{"line":10,"column":42}},"9":{"start":{"line":11,"column":0},"end":{"line":11,"column":45}},"10":{"start":{"line":14,"column":0},"end":{"line":14,"column":23}}},"branchMap":{}},"/Users/erwinwahyuramadhan/Documents/hacktiv8/happy-fox/final-project/fareat/server/controllers/subjectList-cont.js":{"path":"/Users/erwinwahyuramadhan/Documents/hacktiv8/happy-fox/final-project/fareat/server/controllers/subjectList-cont.js","s":{"1":1,"2":1,"3":3,"4":3,"5":3,"6":3,"7":0,"8":4,"9":4,"10":4,"11":0,"12":3,"13":3,"14":3,"15":0,"16":3,"17":3,"18":3,"19":0,"20":4,"21":4,"22":4,"23":4,"24":4,"25":4,"26":0,"27":0,"28":2,"29":2,"30":2,"31":0},"b":{"1":[3,0],"2":[4,0],"3":[3,0],"4":[3,0],"5":[4,0],"6":[4,4],"7":[4,4],"8":[4,0],"9":[2,0]},"f":{"1":3,"2":2},"fnMap":{"1":{"name":"(anonymous_1)","line":28,"loc":{"start":{"line":28,"column":46},"end":{"line":28,"column":67}}},"2":{"name":"(anonymous_2)","line":66,"loc":{"start":{"line":66,"column":45},"end":{"line":66,"column":67}}}},"statementMap":{"1":{"start":{"line":1,"column":0},"end":{"line":1,"column":50}},"2":{"start":{"line":3,"column":0},"end":{"line":74,"column":1}},"3":{"start":{"line":5,"column":4},"end":{"line":8,"column":6}},"4":{"start":{"line":10,"column":4},"end":{"line":16,"column":6}},"5":{"start":{"line":11,"column":6},"end":{"line":15,"column":7}},"6":{"start":{"line":12,"column":8},"end":{"line":12,"column":37}},"7":{"start":{"line":14,"column":8},"end":{"line":14,"column":33}},"8":{"start":{"line":19,"column":4},"end":{"line":25,"column":6}},"9":{"start":{"line":20,"column":6},"end":{"line":24,"column":7}},"10":{"start":{"line":21,"column":8},"end":{"line":21,"column":36}},"11":{"start":{"line":23,"column":8},"end":{"line":23,"column":33}},"12":{"start":{"line":28,"column":4},"end":{"line":34,"column":6}},"13":{"start":{"line":29,"column":6},"end":{"line":33,"column":7}},"14":{"start":{"line":30,"column":8},"end":{"line":30,"column":36}},"15":{"start":{"line":32,"column":8},"end":{"line":32,"column":33}},"16":{"start":{"line":37,"column":4},"end":{"line":43,"column":6}},"17":{"start":{"line":38,"column":6},"end":{"line":42,"column":7}},"18":{"start":{"line":39,"column":8},"end":{"line":39,"column":36}},"19":{"start":{"line":41,"column":8},"end":{"line":41,"column":33}},"20":{"start":{"line":46,"column":4},"end":{"line":62,"column":6}},"21":{"start":{"line":47,"column":6},"end":{"line":61,"column":7}},"22":{"start":{"line":48,"column":8},"end":{"line":51,"column":9}},"23":{"start":{"line":52,"column":8},"end":{"line":58,"column":10}},"24":{"start":{"line":53,"column":10},"end":{"line":57,"column":11}},"25":{"start":{"line":54,"column":12},"end":{"line":54,"column":38}},"26":{"start":{"line":56,"column":12},"end":{"line":56,"column":37}},"27":{"start":{"line":60,"column":8},"end":{"line":60,"column":49}},"28":{"start":{"line":66,"column":4},"end":{"line":72,"column":7}},"29":{"start":{"line":67,"column":6},"end":{"line":71,"column":7}},"30":{"start":{"line":68,"column":8},"end":{"line":68,"column":48}},"31":{"start":{"line":70,"column":8},"end":{"line":70,"column":33}}},"branchMap":{"1":{"line":11,"type":"if","locations":[{"start":{"line":11,"column":6},"end":{"line":11,"column":6}},{"start":{"line":11,"column":6},"end":{"line":11,"column":6}}]},"2":{"line":20,"type":"if","locations":[{"start":{"line":20,"column":6},"end":{"line":20,"column":6}},{"start":{"line":20,"column":6},"end":{"line":20,"column":6}}]},"3":{"line":29,"type":"if","locations":[{"start":{"line":29,"column":6},"end":{"line":29,"column":6}},{"start":{"line":29,"column":6},"end":{"line":29,"column":6}}]},"4":{"line":38,"type":"if","locations":[{"start":{"line":38,"column":6},"end":{"line":38,"column":6}},{"start":{"line":38,"column":6},"end":{"line":38,"column":6}}]},"5":{"line":47,"type":"if","locations":[{"start":{"line":47,"column":6},"end":{"line":47,"column":6}},{"start":{"line":47,"column":6},"end":{"line":47,"column":6}}]},"6":{"line":49,"type":"binary-expr","locations":[{"start":{"line":49,"column":16},"end":{"line":49,"column":29}},{"start":{"line":49,"column":33},"end":{"line":49,"column":44}}]},"7":{"line":50,"type":"binary-expr","locations":[{"start":{"line":50,"column":17},"end":{"line":50,"column":31}},{"start":{"line":50,"column":35},"end":{"line":50,"column":47}}]},"8":{"line":53,"type":"if","locations":[{"start":{"line":53,"column":10},"end":{"line":53,"column":10}},{"start":{"line":53,"column":10},"end":{"line":53,"column":10}}]},"9":{"line":67,"type":"if","locations":[{"start":{"line":67,"column":6},"end":{"line":67,"column":6}},{"start":{"line":67,"column":6},"end":{"line":67,"column":6}}]}}},"/Users/erwinwahyuramadhan/Documents/hacktiv8/happy-fox/final-project/fareat/server/models/subjectList.js":{"path":"/Users/erwinwahyuramadhan/Documents/hacktiv8/happy-fox/final-project/fareat/server/models/subjectList.js","s":{"1":1,"2":1,"3":1,"4":1,"5":1},"b":{},"f":{},"fnMap":{},"statementMap":{"1":{"start":{"line":1,"column":0},"end":{"line":1,"column":34}},"2":{"start":{"line":2,"column":0},"end":{"line":2,"column":29}},"3":{"start":{"line":4,"column":0},"end":{"line":12,"column":2}},"4":{"start":{"line":15,"column":0},"end":{"line":15,"column":66}},"5":{"start":{"line":17,"column":0},"end":{"line":17,"column":28}}},"branchMap":{}}}