{"/home/nugraha/final/fareat/server/models/absent.js":{"path":"/home/nugraha/final/fareat/server/models/absent.js","s":{"1":1,"2":1,"3":1,"4":1,"5":1},"b":{},"f":{},"fnMap":{},"statementMap":{"1":{"start":{"line":1,"column":0},"end":{"line":1,"column":34}},"2":{"start":{"line":2,"column":0},"end":{"line":2,"column":29}},"3":{"start":{"line":4,"column":0},"end":{"line":24,"column":23}},"4":{"start":{"line":27,"column":0},"end":{"line":27,"column":51}},"5":{"start":{"line":29,"column":0},"end":{"line":29,"column":23}}},"branchMap":{}},"/home/nugraha/final/fareat/server/app.js":{"path":"/home/nugraha/final/fareat/server/app.js","s":{"1":1,"2":1,"3":1,"4":1,"5":1,"6":1,"7":1,"8":1,"9":1,"10":1,"11":1,"12":1,"13":1,"14":1,"15":1,"16":1,"17":1,"18":0,"19":1,"20":1,"21":1,"22":1,"23":0,"24":1,"25":0,"26":1,"27":1,"28":0,"29":1,"30":1,"31":1,"32":1,"33":1,"34":1,"35":1,"36":1,"37":1,"38":1,"39":1,"40":0,"41":0,"42":1},"b":{"1":[0,1],"2":[0,1],"3":[0,1],"4":[1,0],"5":[1,0]},"f":{"1":1,"2":1,"3":1},"fnMap":{"1":{"name":"(anonymous_1)","line":19,"loc":{"start":{"line":19,"column":76},"end":{"line":19,"column":95}}},"2":{"name":"(anonymous_2)","line":28,"loc":{"start":{"line":28,"column":2},"end":{"line":28,"column":37}}},"3":{"name":"(anonymous_3)","line":29,"loc":{"start":{"line":29,"column":41},"end":{"line":29,"column":62}}}},"statementMap":{"1":{"start":{"line":1,"column":0},"end":{"line":1,"column":32}},"2":{"start":{"line":2,"column":0},"end":{"line":2,"column":34}},"3":{"start":{"line":3,"column":0},"end":{"line":3,"column":30}},"4":{"start":{"line":4,"column":0},"end":{"line":4,"column":39}},"5":{"start":{"line":5,"column":0},"end":{"line":5,"column":26}},"6":{"start":{"line":6,"column":0},"end":{"line":6,"column":19}},"7":{"start":{"line":7,"column":0},"end":{"line":7,"column":39}},"8":{"start":{"line":8,"column":0},"end":{"line":8,"column":34}},"9":{"start":{"line":9,"column":0},"end":{"line":9,"column":45}},"10":{"start":{"line":10,"column":0},"end":{"line":10,"column":30}},"11":{"start":{"line":13,"column":0},"end":{"line":13,"column":41}},"12":{"start":{"line":14,"column":0},"end":{"line":14,"column":43}},"13":{"start":{"line":15,"column":0},"end":{"line":15,"column":37}},"14":{"start":{"line":16,"column":0},"end":{"line":16,"column":35}},"15":{"start":{"line":18,"column":0},"end":{"line":18,"column":34}},"16":{"start":{"line":19,"column":0},"end":{"line":25,"column":3}},"17":{"start":{"line":20,"column":2},"end":{"line":24,"column":3}},"18":{"start":{"line":21,"column":4},"end":{"line":21,"column":60}},"19":{"start":{"line":23,"column":4},"end":{"line":23,"column":79}},"20":{"start":{"line":27,"column":0},"end":{"line":36,"column":3}},"21":{"start":{"line":29,"column":4},"end":{"line":34,"column":7}},"22":{"start":{"line":30,"column":6},"end":{"line":30,"column":36}},"23":{"start":{"line":30,"column":17},"end":{"line":30,"column":34}},"24":{"start":{"line":31,"column":6},"end":{"line":31,"column":66}},"25":{"start":{"line":31,"column":19},"end":{"line":31,"column":64}},"26":{"start":{"line":32,"column":6},"end":{"line":32,"column":105}},"27":{"start":{"line":32,"column":58},"end":{"line":32,"column":103}},"28":{"start":{"line":33,"column":6},"end":{"line":33,"column":30}},"29":{"start":{"line":38,"column":0},"end":{"line":38,"column":15}},"30":{"start":{"line":39,"column":0},"end":{"line":39,"column":22}},"31":{"start":{"line":40,"column":0},"end":{"line":40,"column":49}},"32":{"start":{"line":41,"column":0},"end":{"line":41,"column":26}},"33":{"start":{"line":42,"column":0},"end":{"line":42,"column":25}},"34":{"start":{"line":44,"column":0},"end":{"line":44,"column":32}},"35":{"start":{"line":45,"column":0},"end":{"line":45,"column":34}},"36":{"start":{"line":46,"column":0},"end":{"line":46,"column":28}},"37":{"start":{"line":51,"column":0},"end":{"line":59,"column":1}},"38":{"start":{"line":53,"column":2},"end":{"line":53,"column":30}},"39":{"start":{"line":54,"column":2},"end":{"line":54,"column":57}},"40":{"start":{"line":57,"column":2},"end":{"line":57,"column":25}},"41":{"start":{"line":58,"column":2},"end":{"line":58,"column":52}},"42":{"start":{"line":64,"column":0},"end":{"line":64,"column":20}}},"branchMap":{"1":{"line":20,"type":"if","locations":[{"start":{"line":20,"column":2},"end":{"line":20,"column":2}},{"start":{"line":20,"column":2},"end":{"line":20,"column":2}}]},"2":{"line":30,"type":"if","locations":[{"start":{"line":30,"column":6},"end":{"line":30,"column":6}},{"start":{"line":30,"column":6},"end":{"line":30,"column":6}}]},"3":{"line":31,"type":"if","locations":[{"start":{"line":31,"column":6},"end":{"line":31,"column":6}},{"start":{"line":31,"column":6},"end":{"line":31,"column":6}}]},"4":{"line":32,"type":"if","locations":[{"start":{"line":32,"column":6},"end":{"line":32,"column":6}},{"start":{"line":32,"column":6},"end":{"line":32,"column":6}}]},"5":{"line":51,"type":"if","locations":[{"start":{"line":51,"column":0},"end":{"line":51,"column":0}},{"start":{"line":51,"column":0},"end":{"line":51,"column":0}}]}}},"/home/nugraha/final/fareat/server/config/config.js":{"path":"/home/nugraha/final/fareat/server/config/config.js","s":{"1":1,"2":1},"b":{"1":[1,1],"2":[1,1]},"f":{},"fnMap":{},"statementMap":{"1":{"start":{"line":1,"column":0},"end":{"line":8,"column":1}},"2":{"start":{"line":10,"column":0},"end":{"line":10,"column":23}}},"branchMap":{"1":{"line":2,"type":"binary-expr","locations":[{"start":{"line":2,"column":8},"end":{"line":2,"column":24}},{"start":{"line":2,"column":28},"end":{"line":2,"column":32}}]},"2":{"line":5,"type":"binary-expr","locations":[{"start":{"line":5,"column":17},"end":{"line":5,"column":41}},{"start":{"line":5,"column":45},"end":{"line":5,"column":73}}]}}},"/home/nugraha/final/fareat/server/routes/absents.js":{"path":"/home/nugraha/final/fareat/server/routes/absents.js","s":{"1":1,"2":1,"3":1,"4":1,"5":1,"6":1},"b":{},"f":{},"fnMap":{},"statementMap":{"1":{"start":{"line":1,"column":0},"end":{"line":1,"column":32}},"2":{"start":{"line":2,"column":0},"end":{"line":2,"column":29}},"3":{"start":{"line":3,"column":0},"end":{"line":3,"column":55}},"4":{"start":{"line":6,"column":0},"end":{"line":6,"column":35}},"5":{"start":{"line":7,"column":0},"end":{"line":7,"column":34}},"6":{"start":{"line":10,"column":0},"end":{"line":10,"column":23}}},"branchMap":{}},"/home/nugraha/final/fareat/server/controllers/absents-cont.js":{"path":"/home/nugraha/final/fareat/server/controllers/absents-cont.js","s":{"1":1,"2":1,"3":1,"4":1,"5":0,"6":0,"7":0,"8":0,"9":0,"10":0,"11":4,"12":4,"13":4,"14":0,"15":0,"16":0,"17":0,"18":0},"b":{"1":[0,0],"2":[4,0],"3":[0,0]},"f":{"1":4,"2":0},"fnMap":{"1":{"name":"(anonymous_1)","line":38,"loc":{"start":{"line":38,"column":10},"end":{"line":38,"column":31}}},"2":{"name":"(anonymous_2)","line":51,"loc":{"start":{"line":51,"column":10},"end":{"line":51,"column":31}}}},"statementMap":{"1":{"start":{"line":1,"column":0},"end":{"line":1,"column":40}},"2":{"start":{"line":3,"column":0},"end":{"line":61,"column":1}},"3":{"start":{"line":5,"column":4},"end":{"line":5,"column":53}},"4":{"start":{"line":6,"column":4},"end":{"line":17,"column":6}},"5":{"start":{"line":7,"column":6},"end":{"line":16,"column":7}},"6":{"start":{"line":18,"column":4},"end":{"line":23,"column":6}},"7":{"start":{"line":25,"column":4},"end":{"line":31,"column":6}},"8":{"start":{"line":26,"column":6},"end":{"line":30,"column":7}},"9":{"start":{"line":27,"column":8},"end":{"line":27,"column":36}},"10":{"start":{"line":29,"column":8},"end":{"line":29,"column":33}},"11":{"start":{"line":35,"column":4},"end":{"line":44,"column":6}},"12":{"start":{"line":39,"column":6},"end":{"line":43,"column":7}},"13":{"start":{"line":40,"column":8},"end":{"line":40,"column":36}},"14":{"start":{"line":42,"column":8},"end":{"line":42,"column":33}},"15":{"start":{"line":48,"column":4},"end":{"line":57,"column":6}},"16":{"start":{"line":52,"column":6},"end":{"line":56,"column":7}},"17":{"start":{"line":53,"column":8},"end":{"line":53,"column":36}},"18":{"start":{"line":55,"column":8},"end":{"line":55,"column":33}}},"branchMap":{"1":{"line":26,"type":"if","locations":[{"start":{"line":26,"column":6},"end":{"line":26,"column":6}},{"start":{"line":26,"column":6},"end":{"line":26,"column":6}}]},"2":{"line":39,"type":"if","locations":[{"start":{"line":39,"column":6},"end":{"line":39,"column":6}},{"start":{"line":39,"column":6},"end":{"line":39,"column":6}}]},"3":{"line":52,"type":"if","locations":[{"start":{"line":52,"column":6},"end":{"line":52,"column":6}},{"start":{"line":52,"column":6},"end":{"line":52,"column":6}}]}}},"/home/nugraha/final/fareat/server/routes/students.js":{"path":"/home/nugraha/final/fareat/server/routes/students.js","s":{"1":1,"2":1,"3":1,"4":1,"5":1,"6":1,"7":1,"8":1,"9":1},"b":{},"f":{},"fnMap":{},"statementMap":{"1":{"start":{"line":1,"column":0},"end":{"line":1,"column":32}},"2":{"start":{"line":2,"column":0},"end":{"line":2,"column":29}},"3":{"start":{"line":3,"column":0},"end":{"line":3,"column":57}},"4":{"start":{"line":6,"column":0},"end":{"line":6,"column":36}},"5":{"start":{"line":7,"column":0},"end":{"line":7,"column":35}},"6":{"start":{"line":8,"column":0},"end":{"line":8,"column":38}},"7":{"start":{"line":9,"column":0},"end":{"line":9,"column":38}},"8":{"start":{"line":10,"column":0},"end":{"line":10,"column":41}},"9":{"start":{"line":13,"column":0},"end":{"line":13,"column":23}}},"branchMap":{}},"/home/nugraha/final/fareat/server/controllers/students-cont.js":{"path":"/home/nugraha/final/fareat/server/controllers/students-cont.js","s":{"1":1,"2":1,"3":4,"4":4,"5":4,"6":4,"7":0,"8":4,"9":4,"10":4,"11":0,"12":3,"13":3,"14":3,"15":0,"16":4,"17":4,"18":4,"19":4,"20":4,"21":4,"22":0,"23":0,"24":4,"25":4,"26":4,"27":0},"b":{"1":[4,0],"2":[4,0],"3":[3,0],"4":[4,0],"5":[4,0],"6":[4,0],"7":[4,0],"8":[4,0]},"f":{"1":3,"2":4},"fnMap":{"1":{"name":"(anonymous_1)","line":28,"loc":{"start":{"line":28,"column":42},"end":{"line":28,"column":63}}},"2":{"name":"(anonymous_2)","line":57,"loc":{"start":{"line":57,"column":41},"end":{"line":57,"column":63}}}},"statementMap":{"1":{"start":{"line":1,"column":0},"end":{"line":1,"column":42}},"2":{"start":{"line":3,"column":0},"end":{"line":65,"column":1}},"3":{"start":{"line":5,"column":4},"end":{"line":8,"column":6}},"4":{"start":{"line":10,"column":4},"end":{"line":16,"column":6}},"5":{"start":{"line":11,"column":6},"end":{"line":15,"column":7}},"6":{"start":{"line":12,"column":8},"end":{"line":12,"column":37}},"7":{"start":{"line":14,"column":8},"end":{"line":14,"column":33}},"8":{"start":{"line":19,"column":4},"end":{"line":25,"column":6}},"9":{"start":{"line":20,"column":6},"end":{"line":24,"column":7}},"10":{"start":{"line":21,"column":8},"end":{"line":21,"column":36}},"11":{"start":{"line":23,"column":8},"end":{"line":23,"column":33}},"12":{"start":{"line":28,"column":4},"end":{"line":34,"column":6}},"13":{"start":{"line":29,"column":6},"end":{"line":33,"column":7}},"14":{"start":{"line":30,"column":8},"end":{"line":30,"column":36}},"15":{"start":{"line":32,"column":8},"end":{"line":32,"column":33}},"16":{"start":{"line":37,"column":4},"end":{"line":53,"column":6}},"17":{"start":{"line":38,"column":6},"end":{"line":52,"column":7}},"18":{"start":{"line":39,"column":8},"end":{"line":42,"column":9}},"19":{"start":{"line":43,"column":8},"end":{"line":49,"column":10}},"20":{"start":{"line":44,"column":10},"end":{"line":48,"column":11}},"21":{"start":{"line":45,"column":12},"end":{"line":45,"column":38}},"22":{"start":{"line":47,"column":12},"end":{"line":47,"column":37}},"23":{"start":{"line":51,"column":8},"end":{"line":51,"column":49}},"24":{"start":{"line":57,"column":4},"end":{"line":63,"column":7}},"25":{"start":{"line":58,"column":6},"end":{"line":62,"column":7}},"26":{"start":{"line":59,"column":8},"end":{"line":59,"column":48}},"27":{"start":{"line":61,"column":8},"end":{"line":61,"column":33}}},"branchMap":{"1":{"line":11,"type":"if","locations":[{"start":{"line":11,"column":6},"end":{"line":11,"column":6}},{"start":{"line":11,"column":6},"end":{"line":11,"column":6}}]},"2":{"line":20,"type":"if","locations":[{"start":{"line":20,"column":6},"end":{"line":20,"column":6}},{"start":{"line":20,"column":6},"end":{"line":20,"column":6}}]},"3":{"line":29,"type":"if","locations":[{"start":{"line":29,"column":6},"end":{"line":29,"column":6}},{"start":{"line":29,"column":6},"end":{"line":29,"column":6}}]},"4":{"line":38,"type":"if","locations":[{"start":{"line":38,"column":6},"end":{"line":38,"column":6}},{"start":{"line":38,"column":6},"end":{"line":38,"column":6}}]},"5":{"line":40,"type":"binary-expr","locations":[{"start":{"line":40,"column":16},"end":{"line":40,"column":29}},{"start":{"line":40,"column":33},"end":{"line":40,"column":44}}]},"6":{"line":41,"type":"binary-expr","locations":[{"start":{"line":41,"column":17},"end":{"line":41,"column":31}},{"start":{"line":41,"column":35},"end":{"line":41,"column":47}}]},"7":{"line":44,"type":"if","locations":[{"start":{"line":44,"column":10},"end":{"line":44,"column":10}},{"start":{"line":44,"column":10},"end":{"line":44,"column":10}}]},"8":{"line":58,"type":"if","locations":[{"start":{"line":58,"column":6},"end":{"line":58,"column":6}},{"start":{"line":58,"column":6},"end":{"line":58,"column":6}}]}}},"/home/nugraha/final/fareat/server/models/student.js":{"path":"/home/nugraha/final/fareat/server/models/student.js","s":{"1":1,"2":1,"3":1,"4":1,"5":1},"b":{},"f":{},"fnMap":{},"statementMap":{"1":{"start":{"line":1,"column":0},"end":{"line":1,"column":34}},"2":{"start":{"line":2,"column":0},"end":{"line":2,"column":29}},"3":{"start":{"line":4,"column":0},"end":{"line":10,"column":2}},"4":{"start":{"line":13,"column":0},"end":{"line":13,"column":54}},"5":{"start":{"line":15,"column":0},"end":{"line":15,"column":24}}},"branchMap":{}},"/home/nugraha/final/fareat/server/routes/users.js":{"path":"/home/nugraha/final/fareat/server/routes/users.js","s":{"1":1,"2":1,"3":1,"4":1,"5":1,"6":1,"7":1,"8":1,"9":1,"10":1,"11":1},"b":{},"f":{},"fnMap":{},"statementMap":{"1":{"start":{"line":1,"column":0},"end":{"line":1,"column":32}},"2":{"start":{"line":2,"column":0},"end":{"line":2,"column":29}},"3":{"start":{"line":3,"column":0},"end":{"line":3,"column":51}},"4":{"start":{"line":4,"column":0},"end":{"line":4,"column":34}},"5":{"start":{"line":7,"column":0},"end":{"line":7,"column":33}},"6":{"start":{"line":8,"column":0},"end":{"line":8,"column":91}},"7":{"start":{"line":9,"column":0},"end":{"line":9,"column":32}},"8":{"start":{"line":10,"column":0},"end":{"line":10,"column":35}},"9":{"start":{"line":11,"column":0},"end":{"line":11,"column":35}},"10":{"start":{"line":12,"column":0},"end":{"line":12,"column":38}},"11":{"start":{"line":16,"column":0},"end":{"line":16,"column":23}}},"branchMap":{}},"/home/nugraha/final/fareat/server/controllers/users-cont.js":{"path":"/home/nugraha/final/fareat/server/controllers/users-cont.js","s":{"1":1,"2":1,"3":1,"4":1,"5":1,"6":1,"7":4,"8":4,"9":4,"10":4,"11":0,"12":1,"13":1,"14":1,"15":0,"16":0,"17":0,"18":0,"19":4,"20":4,"21":4,"22":0,"23":3,"24":3,"25":3,"26":0,"27":4,"28":4,"29":4,"30":4,"31":4,"32":4,"33":4,"34":4,"35":0},"b":{"1":[4,0],"2":[1,0],"3":[0,0],"4":[4,0],"5":[3,0],"6":[4,4],"7":[4,0],"8":[0,4],"9":[4,0]},"f":{"1":0,"2":3,"3":4,"4":4,"5":4},"fnMap":{"1":{"name":"(anonymous_1)","line":34,"loc":{"start":{"line":34,"column":35},"end":{"line":34,"column":57}}},"2":{"name":"(anonymous_2)","line":55,"loc":{"start":{"line":55,"column":39},"end":{"line":55,"column":60}}},"3":{"name":"(anonymous_3)","line":65,"loc":{"start":{"line":65,"column":28},"end":{"line":65,"column":50}}},"4":{"name":"(anonymous_4)","line":67,"loc":{"start":{"line":67,"column":132},"end":{"line":67,"column":152}}},"5":{"name":"(anonymous_5)","line":74,"loc":{"start":{"line":74,"column":38},"end":{"line":74,"column":60}}}},"statementMap":{"1":{"start":{"line":1,"column":0},"end":{"line":1,"column":36}},"2":{"start":{"line":2,"column":0},"end":{"line":2,"column":30}},"3":{"start":{"line":3,"column":0},"end":{"line":3,"column":33}},"4":{"start":{"line":4,"column":0},"end":{"line":4,"column":18}},"5":{"start":{"line":5,"column":0},"end":{"line":5,"column":40}},"6":{"start":{"line":7,"column":0},"end":{"line":82,"column":1}},"7":{"start":{"line":9,"column":4},"end":{"line":14,"column":6}},"8":{"start":{"line":16,"column":4},"end":{"line":22,"column":6}},"9":{"start":{"line":17,"column":6},"end":{"line":21,"column":7}},"10":{"start":{"line":18,"column":8},"end":{"line":18,"column":34}},"11":{"start":{"line":20,"column":8},"end":{"line":20,"column":33}},"12":{"start":{"line":25,"column":4},"end":{"line":25,"column":23}},"13":{"start":{"line":26,"column":4},"end":{"line":43,"column":5}},"14":{"start":{"line":27,"column":6},"end":{"line":27,"column":24}},"15":{"start":{"line":29,"column":6},"end":{"line":33,"column":38}},"16":{"start":{"line":34,"column":6},"end":{"line":42,"column":8}},"17":{"start":{"line":35,"column":8},"end":{"line":41,"column":9}},"18":{"start":{"line":36,"column":10},"end":{"line":40,"column":12}},"19":{"start":{"line":46,"column":4},"end":{"line":52,"column":6}},"20":{"start":{"line":47,"column":6},"end":{"line":51,"column":7}},"21":{"start":{"line":48,"column":8},"end":{"line":48,"column":36}},"22":{"start":{"line":50,"column":8},"end":{"line":50,"column":33}},"23":{"start":{"line":55,"column":4},"end":{"line":61,"column":6}},"24":{"start":{"line":56,"column":6},"end":{"line":60,"column":7}},"25":{"start":{"line":57,"column":8},"end":{"line":57,"column":36}},"26":{"start":{"line":59,"column":8},"end":{"line":59,"column":33}},"27":{"start":{"line":64,"column":4},"end":{"line":64,"column":26}},"28":{"start":{"line":65,"column":4},"end":{"line":70,"column":6}},"29":{"start":{"line":66,"column":6},"end":{"line":66,"column":58}},"30":{"start":{"line":67,"column":6},"end":{"line":69,"column":8}},"31":{"start":{"line":68,"column":8},"end":{"line":68,"column":67}},"32":{"start":{"line":74,"column":4},"end":{"line":80,"column":7}},"33":{"start":{"line":75,"column":6},"end":{"line":79,"column":7}},"34":{"start":{"line":76,"column":8},"end":{"line":76,"column":48}},"35":{"start":{"line":78,"column":8},"end":{"line":78,"column":33}}},"branchMap":{"1":{"line":17,"type":"if","locations":[{"start":{"line":17,"column":6},"end":{"line":17,"column":6}},{"start":{"line":17,"column":6},"end":{"line":17,"column":6}}]},"2":{"line":26,"type":"if","locations":[{"start":{"line":26,"column":4},"end":{"line":26,"column":4}},{"start":{"line":26,"column":4},"end":{"line":26,"column":4}}]},"3":{"line":35,"type":"if","locations":[{"start":{"line":35,"column":8},"end":{"line":35,"column":8}},{"start":{"line":35,"column":8},"end":{"line":35,"column":8}}]},"4":{"line":47,"type":"if","locations":[{"start":{"line":47,"column":6},"end":{"line":47,"column":6}},{"start":{"line":47,"column":6},"end":{"line":47,"column":6}}]},"5":{"line":56,"type":"if","locations":[{"start":{"line":56,"column":6},"end":{"line":56,"column":6}},{"start":{"line":56,"column":6},"end":{"line":56,"column":6}}]},"6":{"line":67,"type":"binary-expr","locations":[{"start":{"line":67,"column":57},"end":{"line":67,"column":74}},{"start":{"line":67,"column":78},"end":{"line":67,"column":93}}]},"7":{"line":67,"type":"binary-expr","locations":[{"start":{"line":67,"column":105},"end":{"line":67,"column":109}},{"start":{"line":67,"column":113},"end":{"line":67,"column":128}}]},"8":{"line":68,"type":"cond-expr","locations":[{"start":{"line":68,"column":14},"end":{"line":68,"column":39}},{"start":{"line":68,"column":41},"end":{"line":68,"column":67}}]},"9":{"line":75,"type":"if","locations":[{"start":{"line":75,"column":6},"end":{"line":75,"column":6}},{"start":{"line":75,"column":6},"end":{"line":75,"column":6}}]}}},"/home/nugraha/final/fareat/server/models/user.js":{"path":"/home/nugraha/final/fareat/server/models/user.js","s":{"1":1,"2":1,"3":1,"4":1,"5":1},"b":{},"f":{},"fnMap":{},"statementMap":{"1":{"start":{"line":1,"column":0},"end":{"line":1,"column":34}},"2":{"start":{"line":2,"column":0},"end":{"line":2,"column":29}},"3":{"start":{"line":4,"column":0},"end":{"line":17,"column":23}},"4":{"start":{"line":20,"column":0},"end":{"line":20,"column":44}},"5":{"start":{"line":22,"column":0},"end":{"line":22,"column":21}}},"branchMap":{}}}