TN:
SF:/home/nugraha/final/fareat/server/models/absent.js
FNF:0
FNH:0
DA:1,1
DA:2,1
DA:4,1
DA:27,1
DA:29,1
LF:5
LH:5
BRF:0
BRH:0
end_of_record
TN:
SF:/home/nugraha/final/fareat/server/app.js
FN:29,(anonymous_1)
FN:38,(anonymous_2)
FN:39,(anonymous_3)
FNF:3
FNH:3
FNDA:1,(anonymous_1)
FNDA:1,(anonymous_2)
FNDA:1,(anonymous_3)
DA:1,1
DA:2,1
DA:3,1
DA:4,1
DA:5,1
DA:6,1
DA:7,1
DA:8,1
DA:9,1
DA:10,1
DA:13,1
DA:14,1
DA:15,1
DA:16,1
DA:17,1
DA:18,1
DA:20,1
DA:29,1
DA:30,1
DA:31,0
DA:33,1
DA:37,1
DA:39,1
DA:40,1
DA:41,1
DA:42,1
DA:43,0
DA:48,1
DA:49,1
DA:50,1
DA:51,1
DA:52,1
DA:54,1
DA:55,1
DA:56,1
DA:57,1
DA:58,1
DA:63,1
DA:65,1
DA:66,1
DA:69,0
DA:70,0
DA:76,1
LF:43
LH:39
BRDA:30,1,0,0
BRDA:30,1,1,1
BRDA:40,2,0,0
BRDA:40,2,1,1
BRDA:41,3,0,0
BRDA:41,3,1,1
BRDA:42,4,0,1
BRDA:42,4,1,0
BRDA:63,5,0,1
BRDA:63,5,1,0
BRF:10
BRH:5
end_of_record
TN:
SF:/home/nugraha/final/fareat/server/config/config.js
FNF:0
FNH:0
DA:1,1
DA:2,1
DA:3,1
DA:12,1
LF:4
LH:4
BRDA:4,1,0,1
BRDA:4,1,1,1
BRF:2
BRH:2
end_of_record
TN:
SF:/home/nugraha/final/fareat/server/routes/absents.js
FNF:0
FNH:0
DA:1,1
DA:2,1
DA:3,1
DA:6,1
DA:7,1
DA:8,1
DA:9,1
DA:10,1
DA:11,1
DA:13,1
LF:10
LH:10
BRF:0
BRH:0
end_of_record
TN:
SF:/home/nugraha/final/fareat/server/controllers/absents-cont.js
FN:48,(anonymous_1)
FN:61,(anonymous_2)
FN:113,(anonymous_3)
FNF:3
FNH:2
FNDA:4,(anonymous_1)
FNDA:0,(anonymous_2)
FNDA:2,(anonymous_3)
DA:1,1
DA:2,1
DA:4,1
DA:6,3
DA:11,3
DA:12,0
DA:13,3
DA:14,3
DA:15,0
DA:16,0
DA:18,0
DA:33,0
DA:34,0
DA:35,0
DA:37,0
DA:45,4
DA:49,4
DA:50,4
DA:52,0
DA:58,0
DA:62,0
DA:63,0
DA:65,0
DA:71,4
DA:72,4
DA:73,4
DA:74,4
DA:84,4
DA:89,4
DA:90,4
DA:92,0
DA:96,0
DA:102,3
DA:105,3
DA:106,3
DA:108,0
DA:113,2
DA:114,2
DA:115,2
DA:117,0
LF:40
LH:23
BRDA:11,1,0,0
BRDA:11,1,1,3
BRDA:13,2,0,3
BRDA:13,2,1,0
BRDA:15,3,0,0
BRDA:15,3,1,0
BRDA:33,4,0,0
BRDA:33,4,1,0
BRDA:49,5,0,4
BRDA:49,5,1,0
BRDA:62,6,0,0
BRDA:62,6,1,0
BRDA:72,7,0,4
BRDA:72,7,1,0
BRDA:76,8,0,4
BRDA:76,8,1,4
BRDA:77,9,0,4
BRDA:77,9,1,4
BRDA:78,10,0,4
BRDA:78,10,1,4
BRDA:79,11,0,4
BRDA:79,11,1,4
BRDA:80,12,0,4
BRDA:80,12,1,4
BRDA:81,13,0,4
BRDA:81,13,1,4
BRDA:82,14,0,4
BRDA:82,14,1,4
BRDA:89,15,0,4
BRDA:89,15,1,0
BRDA:105,16,0,3
BRDA:105,16,1,0
BRDA:114,17,0,2
BRDA:114,17,1,0
BRF:34
BRH:21
end_of_record
TN:
SF:/home/nugraha/final/fareat/server/routes/students.js
FNF:0
FNH:0
DA:1,1
DA:2,1
DA:3,1
DA:6,1
DA:7,1
DA:8,1
DA:9,1
DA:10,1
DA:11,1
DA:12,1
DA:15,1
LF:11
LH:11
BRF:0
BRH:0
end_of_record
TN:
SF:/home/nugraha/final/fareat/server/controllers/students-cont.js
FN:30,(anonymous_1)
FN:77,(anonymous_2)
FNF:2
FNH:2
FNDA:3,(anonymous_1)
FNDA:4,(anonymous_2)
DA:1,1
DA:3,1
DA:5,4
DA:12,4
DA:13,4
DA:14,4
DA:16,0
DA:21,4
DA:22,4
DA:23,4
DA:25,0
DA:30,3
DA:31,3
DA:32,3
DA:34,0
DA:39,3
DA:40,3
DA:41,3
DA:43,0
DA:48,3
DA:49,3
DA:50,3
DA:52,0
DA:57,4
DA:58,4
DA:59,4
DA:63,4
DA:64,4
DA:65,4
DA:67,0
DA:71,0
DA:77,4
DA:78,4
DA:79,4
DA:81,0
LF:35
LH:27
BRDA:13,1,0,4
BRDA:13,1,1,0
BRDA:22,2,0,4
BRDA:22,2,1,0
BRDA:31,3,0,3
BRDA:31,3,1,0
BRDA:40,4,0,3
BRDA:40,4,1,0
BRDA:49,5,0,3
BRDA:49,5,1,0
BRDA:58,6,0,4
BRDA:58,6,1,0
BRDA:60,7,0,4
BRDA:60,7,1,0
BRDA:61,8,0,4
BRDA:61,8,1,0
BRDA:64,9,0,4
BRDA:64,9,1,0
BRDA:78,10,0,4
BRDA:78,10,1,0
BRF:20
BRH:10
end_of_record
TN:
SF:/home/nugraha/final/fareat/server/models/student.js
FNF:0
FNH:0
DA:1,1
DA:2,1
DA:4,1
DA:21,1
DA:23,1
LF:5
LH:5
BRF:0
BRH:0
end_of_record
TN:
SF:/home/nugraha/final/fareat/server/routes/users.js
FNF:0
FNH:0
DA:1,1
DA:2,1
DA:3,1
DA:4,1
DA:7,1
DA:8,1
DA:9,1
DA:10,1
DA:11,1
DA:12,1
DA:16,1
LF:11
LH:11
BRF:0
BRH:0
end_of_record
TN:
SF:/home/nugraha/final/fareat/server/controllers/users-cont.js
FN:34,(anonymous_1)
FN:55,(anonymous_2)
FN:65,(anonymous_3)
FN:67,(anonymous_4)
FN:74,(anonymous_5)
FNF:5
FNH:4
FNDA:0,(anonymous_1)
FNDA:3,(anonymous_2)
FNDA:4,(anonymous_3)
FNDA:4,(anonymous_4)
FNDA:4,(anonymous_5)
DA:1,1
DA:2,1
DA:3,1
DA:4,1
DA:5,1
DA:7,1
DA:9,4
DA:16,4
DA:17,4
DA:18,4
DA:20,0
DA:25,1
DA:26,1
DA:27,1
DA:29,0
DA:34,0
DA:35,0
DA:36,0
DA:46,4
DA:47,4
DA:48,4
DA:50,0
DA:55,3
DA:56,3
DA:57,3
DA:59,0
DA:64,4
DA:65,4
DA:66,4
DA:67,4
DA:68,4
DA:74,4
DA:75,4
DA:76,4
DA:78,0
LF:35
LH:27
BRDA:17,1,0,4
BRDA:17,1,1,0
BRDA:26,2,0,1
BRDA:26,2,1,0
BRDA:35,3,0,0
BRDA:35,3,1,0
BRDA:47,4,0,4
BRDA:47,4,1,0
BRDA:56,5,0,3
BRDA:56,5,1,0
BRDA:67,6,0,4
BRDA:67,6,1,4
BRDA:67,7,0,4
BRDA:67,7,1,0
BRDA:68,8,0,0
BRDA:68,8,1,4
BRDA:75,9,0,4
BRDA:75,9,1,0
BRF:18
BRH:9
end_of_record
TN:
SF:/home/nugraha/final/fareat/server/models/user.js
FNF:0
FNH:0
DA:1,1
DA:2,1
DA:4,1
DA:20,1
DA:22,1
LF:5
LH:5
BRF:0
BRH:0
end_of_record
TN:
SF:/home/nugraha/final/fareat/server/routes/classList.js
FNF:0
FNH:0
DA:1,1
DA:2,1
DA:3,1
DA:6,1
DA:7,1
DA:8,1
DA:9,1
DA:10,1
DA:11,1
DA:14,1
LF:10
LH:10
BRF:0
BRH:0
end_of_record
TN:
SF:/home/nugraha/final/fareat/server/controllers/classList-cont.js
FN:28,(anonymous_1)
FN:66,(anonymous_2)
FNF:2
FNH:0
FNDA:0,(anonymous_1)
FNDA:0,(anonymous_2)
DA:1,1
DA:3,1
DA:5,0
DA:10,0
DA:11,0
DA:12,0
DA:14,0
DA:19,0
DA:20,0
DA:21,0
DA:23,0
DA:28,0
DA:29,0
DA:30,0
DA:32,0
DA:37,0
DA:38,0
DA:39,0
DA:41,0
DA:46,0
DA:47,0
DA:48,0
DA:52,0
DA:53,0
DA:54,0
DA:56,0
DA:60,0
DA:66,0
DA:67,0
DA:68,0
DA:70,0
LF:31
LH:2
BRDA:11,1,0,0
BRDA:11,1,1,0
BRDA:20,2,0,0
BRDA:20,2,1,0
BRDA:29,3,0,0
BRDA:29,3,1,0
BRDA:38,4,0,0
BRDA:38,4,1,0
BRDA:47,5,0,0
BRDA:47,5,1,0
BRDA:49,6,0,0
BRDA:49,6,1,0
BRDA:50,7,0,0
BRDA:50,7,1,0
BRDA:53,8,0,0
BRDA:53,8,1,0
BRDA:67,9,0,0
BRDA:67,9,1,0
BRF:18
BRH:0
end_of_record
TN:
SF:/home/nugraha/final/fareat/server/models/classList.js
FNF:0
FNH:0
DA:1,1
DA:2,1
DA:4,1
DA:16,1
DA:18,1
LF:5
LH:5
BRF:0
BRH:0
end_of_record
TN:
SF:/home/nugraha/final/fareat/server/routes/subjectList.js
FNF:0
FNH:0
DA:1,1
DA:2,1
DA:3,1
DA:6,1
DA:7,1
DA:8,1
DA:9,1
DA:10,1
DA:11,1
DA:14,1
LF:10
LH:10
BRF:0
BRH:0
end_of_record
TN:
SF:/home/nugraha/final/fareat/server/controllers/subjectList-cont.js
FN:28,(anonymous_1)
FN:66,(anonymous_2)
FNF:2
FNH:0
FNDA:0,(anonymous_1)
FNDA:0,(anonymous_2)
DA:1,1
DA:3,1
DA:5,0
DA:10,0
DA:11,0
DA:12,0
DA:14,0
DA:19,0
DA:20,0
DA:21,0
DA:23,0
DA:28,0
DA:29,0
DA:30,0
DA:32,0
DA:37,0
DA:38,0
DA:39,0
DA:41,0
DA:46,0
DA:47,0
DA:48,0
DA:52,0
DA:53,0
DA:54,0
DA:56,0
DA:60,0
DA:66,0
DA:67,0
DA:68,0
DA:70,0
LF:31
LH:2
BRDA:11,1,0,0
BRDA:11,1,1,0
BRDA:20,2,0,0
BRDA:20,2,1,0
BRDA:29,3,0,0
BRDA:29,3,1,0
BRDA:38,4,0,0
BRDA:38,4,1,0
BRDA:47,5,0,0
BRDA:47,5,1,0
BRDA:49,6,0,0
BRDA:49,6,1,0
BRDA:50,7,0,0
BRDA:50,7,1,0
BRDA:53,8,0,0
BRDA:53,8,1,0
BRDA:67,9,0,0
BRDA:67,9,1,0
BRF:18
BRH:0
end_of_record
TN:
SF:/home/nugraha/final/fareat/server/models/subjectList.js
FNF:0
FNH:0
DA:1,1
DA:2,1
DA:4,1
DA:16,1
DA:18,1
LF:5
LH:5
BRF:0
BRH:0
end_of_record
