TN:
SF:/home/nugraha/final/fareat/server/models/absent.js
FNF:0
FNH:0
DA:1,1
DA:2,1
DA:4,1
DA:27,1
DA:29,1
LF:5
LH:5
BRF:0
BRH:0
end_of_record
TN:
SF:/home/nugraha/final/fareat/server/app.js
FN:19,(anonymous_1)
FN:28,(anonymous_2)
FN:29,(anonymous_3)
FNF:3
FNH:3
FNDA:1,(anonymous_1)
FNDA:1,(anonymous_2)
FNDA:1,(anonymous_3)
DA:1,1
DA:2,1
DA:3,1
DA:4,1
DA:5,1
DA:6,1
DA:7,1
DA:8,1
DA:9,1
DA:10,1
DA:13,1
DA:14,1
DA:15,1
DA:16,1
DA:18,1
DA:19,1
DA:20,1
DA:21,0
DA:23,1
DA:27,1
DA:29,1
DA:30,1
DA:31,1
DA:32,1
DA:33,0
DA:38,1
DA:39,1
DA:40,1
DA:41,1
DA:42,1
DA:44,1
DA:45,1
DA:46,1
DA:51,1
DA:53,1
DA:54,1
DA:57,0
DA:58,0
DA:64,1
LF:39
LH:35
BRDA:20,1,0,0
BRDA:20,1,1,1
BRDA:30,2,0,0
BRDA:30,2,1,1
BRDA:31,3,0,0
BRDA:31,3,1,1
BRDA:32,4,0,1
BRDA:32,4,1,0
BRDA:51,5,0,1
BRDA:51,5,1,0
BRF:10
BRH:5
end_of_record
TN:
SF:/home/nugraha/final/fareat/server/config/config.js
FNF:0
FNH:0
DA:1,1
DA:2,1
DA:11,1
LF:3
LH:3
BRDA:3,1,0,1
BRDA:3,1,1,1
BRF:2
BRH:2
end_of_record
TN:
SF:/home/nugraha/final/fareat/server/routes/absents.js
FNF:0
FNH:0
DA:1,1
DA:2,1
DA:3,1
DA:6,1
DA:7,1
DA:8,1
DA:9,1
DA:10,1
DA:12,1
LF:9
LH:9
BRF:0
BRH:0
end_of_record
TN:
SF:/home/nugraha/final/fareat/server/controllers/absents-cont.js
FN:38,(anonymous_1)
FN:51,(anonymous_2)
FN:91,(anonymous_3)
FNF:3
FNH:3
FNDA:4,(anonymous_1)
FNDA:3,(anonymous_2)
FNDA:2,(anonymous_3)
DA:1,1
DA:2,1
DA:4,1
DA:6,3
DA:7,3
DA:18,3
DA:25,3
DA:26,3
DA:27,3
DA:29,0
DA:35,4
DA:39,4
DA:40,4
DA:42,0
DA:48,3
DA:52,3
DA:53,3
DA:55,0
DA:62,4
DA:63,4
DA:64,4
DA:79,4
DA:80,4
DA:81,4
DA:83,0
DA:91,2
DA:92,2
DA:93,2
DA:95,0
LF:29
LH:24
BRDA:26,1,0,3
BRDA:26,1,1,0
BRDA:39,2,0,4
BRDA:39,2,1,0
BRDA:52,3,0,3
BRDA:52,3,1,0
BRDA:63,4,0,4
BRDA:63,4,1,0
BRDA:67,5,0,4
BRDA:67,5,1,4
BRDA:68,6,0,4
BRDA:68,6,1,4
BRDA:69,7,0,4
BRDA:69,7,1,4
BRDA:70,8,0,4
BRDA:70,8,1,4
BRDA:71,9,0,4
BRDA:71,9,1,4
BRDA:72,10,0,4
BRDA:72,10,1,4
BRDA:73,11,0,4
BRDA:73,11,1,4
BRDA:80,12,0,4
BRDA:80,12,1,0
BRDA:92,13,0,2
BRDA:92,13,1,0
BRF:26
BRH:20
end_of_record
TN:
SF:/home/nugraha/final/fareat/server/routes/students.js
FNF:0
FNH:0
DA:1,1
DA:2,1
DA:3,1
DA:6,1
DA:7,1
DA:8,1
DA:9,1
DA:10,1
DA:13,1
LF:9
LH:9
BRF:0
BRH:0
end_of_record
TN:
SF:/home/nugraha/final/fareat/server/controllers/students-cont.js
FN:28,(anonymous_1)
FN:57,(anonymous_2)
FNF:2
FNH:2
FNDA:3,(anonymous_1)
FNDA:4,(anonymous_2)
DA:1,1
DA:3,1
DA:5,4
DA:10,4
DA:11,4
DA:12,4
DA:14,0
DA:19,4
DA:20,4
DA:21,4
DA:23,0
DA:28,3
DA:29,3
DA:30,3
DA:32,0
DA:37,4
DA:38,4
DA:39,4
DA:43,4
DA:44,4
DA:45,4
DA:47,0
DA:51,0
DA:57,4
DA:58,4
DA:59,4
DA:61,0
LF:27
LH:21
BRDA:11,1,0,4
BRDA:11,1,1,0
BRDA:20,2,0,4
BRDA:20,2,1,0
BRDA:29,3,0,3
BRDA:29,3,1,0
BRDA:38,4,0,4
BRDA:38,4,1,0
BRDA:40,5,0,4
BRDA:40,5,1,0
BRDA:41,6,0,4
BRDA:41,6,1,0
BRDA:44,7,0,4
BRDA:44,7,1,0
BRDA:58,8,0,4
BRDA:58,8,1,0
BRF:16
BRH:8
end_of_record
TN:
SF:/home/nugraha/final/fareat/server/models/student.js
FNF:0
FNH:0
DA:1,1
DA:2,1
DA:4,1
DA:13,1
DA:15,1
LF:5
LH:5
BRF:0
BRH:0
end_of_record
TN:
SF:/home/nugraha/final/fareat/server/routes/users.js
FNF:0
FNH:0
DA:1,1
DA:2,1
DA:3,1
DA:4,1
DA:7,1
DA:8,1
DA:9,1
DA:10,1
DA:11,1
DA:12,1
DA:16,1
LF:11
LH:11
BRF:0
BRH:0
end_of_record
TN:
SF:/home/nugraha/final/fareat/server/controllers/users-cont.js
FN:34,(anonymous_1)
FN:55,(anonymous_2)
FN:65,(anonymous_3)
FN:67,(anonymous_4)
FN:74,(anonymous_5)
FNF:5
FNH:4
FNDA:0,(anonymous_1)
FNDA:3,(anonymous_2)
FNDA:4,(anonymous_3)
FNDA:4,(anonymous_4)
FNDA:4,(anonymous_5)
DA:1,1
DA:2,1
DA:3,1
DA:4,1
DA:5,1
DA:7,1
DA:9,4
DA:16,4
DA:17,4
DA:18,4
DA:20,0
DA:25,1
DA:26,1
DA:27,1
DA:29,0
DA:34,0
DA:35,0
DA:36,0
DA:46,4
DA:47,4
DA:48,4
DA:50,0
DA:55,3
DA:56,3
DA:57,3
DA:59,0
DA:64,4
DA:65,4
DA:66,4
DA:67,4
DA:68,4
DA:74,4
DA:75,4
DA:76,4
DA:78,0
LF:35
LH:27
BRDA:17,1,0,4
BRDA:17,1,1,0
BRDA:26,2,0,1
BRDA:26,2,1,0
BRDA:35,3,0,0
BRDA:35,3,1,0
BRDA:47,4,0,4
BRDA:47,4,1,0
BRDA:56,5,0,3
BRDA:56,5,1,0
BRDA:67,6,0,4
BRDA:67,6,1,4
BRDA:67,7,0,4
BRDA:67,7,1,0
BRDA:68,8,0,0
BRDA:68,8,1,4
BRDA:75,9,0,4
BRDA:75,9,1,0
BRF:18
BRH:9
end_of_record
TN:
SF:/home/nugraha/final/fareat/server/models/user.js
FNF:0
FNH:0
DA:1,1
DA:2,1
DA:4,1
DA:20,1
DA:22,1
LF:5
LH:5
BRF:0
BRH:0
end_of_record
